"D:/Files/Documents/Unreal Projects/ShadowAttempt/Content/StarterContent/Materials/M_Basic_Floor.uasset" 0
"D:/Files/Documents/Unreal Projects/ShadowAttempt/Content/StarterContent/Architecture/Floor_400x400.uasset" 1
"D:/Files/Documents/Unreal Projects/ShadowAttempt/Content/StarterContent/Materials/M_Basic_Wall.uasset" 2
"D:/Files/Documents/Unreal Projects/ShadowAttempt/Content/StarterContent/Architecture/Pillar_50x500.uasset" 3
"D:/Files/Documents/Unreal Projects/ShadowAttempt/Content/StarterContent/Materials/M_AssetPlatform.uasset" 4
"D:/Files/Documents/Unreal Projects/ShadowAttempt/Content/StarterContent/Architecture/SM_AssetPlatform.uasset" 5
"D:/Files/Documents/Unreal Projects/ShadowAttempt/Content/StarterContent/Architecture/Wall_400x200.uasset" 6
"D:/Files/Documents/Unreal Projects/ShadowAttempt/Content/StarterContent/Architecture/Wall_400x300.uasset" 7
"D:/Files/Documents/Unreal Projects/ShadowAttempt/Content/StarterContent/Architecture/Wall_400x400.uasset" 8
"D:/Files/Documents/Unreal Projects/ShadowAttempt/Content/StarterContent/Architecture/Wall_500x500.uasset" 9
"D:/Files/Documents/Unreal Projects/ShadowAttempt/Content/StarterContent/Architecture/Wall_Door_400x300.uasset" 10
"D:/Files/Documents/Unreal Projects/ShadowAttempt/Content/StarterContent/Architecture/Wall_Door_400x400.uasset" 11
"D:/Files/Documents/Unreal Projects/ShadowAttempt/Content/StarterContent/Architecture/Wall_Window_400x300.uasset" 12
"D:/Files/Documents/Unreal Projects/ShadowAttempt/Content/StarterContent/Architecture/Wall_Window_400x400.uasset" 13
"D:/Files/Documents/Unreal Projects/ShadowAttempt/Content/StarterContent/Audio/Collapse01.uasset" 14
"D:/Files/Documents/Unreal Projects/ShadowAttempt/Content/StarterContent/Audio/Collapse02.uasset" 15
"D:/Files/Documents/Unreal Projects/ShadowAttempt/Content/StarterContent/Audio/Explosion01.uasset" 16
"D:/Files/Documents/Unreal Projects/ShadowAttempt/Content/StarterContent/Audio/Explosion02.uasset" 17
"D:/Files/Documents/Unreal Projects/ShadowAttempt/Content/StarterContent/Audio/Fire01.uasset" 18
"D:/Files/Documents/Unreal Projects/ShadowAttempt/Content/StarterContent/Audio/Fire_Sparks01.uasset" 19
"D:/Files/Documents/Unreal Projects/ShadowAttempt/Content/StarterContent/Audio/Light01.uasset" 20
"D:/Files/Documents/Unreal Projects/ShadowAttempt/Content/StarterContent/Audio/Light02.uasset" 21
"D:/Files/Documents/Unreal Projects/ShadowAttempt/Content/StarterContent/Audio/Smoke01.uasset" 22
"D:/Files/Documents/Unreal Projects/ShadowAttempt/Content/StarterContent/Audio/Starter_Birds01.uasset" 23
"D:/Files/Documents/Unreal Projects/ShadowAttempt/Content/StarterContent/Audio/Starter_Music01.uasset" 24
"D:/Files/Documents/Unreal Projects/ShadowAttempt/Content/StarterContent/Audio/Starter_Wind05.uasset" 25
"D:/Files/Documents/Unreal Projects/ShadowAttempt/Content/StarterContent/Audio/Starter_Wind06.uasset" 26
"D:/Files/Documents/Unreal Projects/ShadowAttempt/Content/StarterContent/Audio/Steam01.uasset" 27
"D:/Files/Documents/Unreal Projects/ShadowAttempt/Content/StarterContent/HDRI/HDRI_Epic_Courtyard_Daylight.uasset" 28
"D:/Files/Documents/Unreal Projects/ShadowAttempt/Content/StarterContent/Textures/T_MacroVariation.uasset" 29
"D:/Files/Documents/Unreal Projects/ShadowAttempt/Content/StarterContent/Textures/T_Brick_Clay_Beveled_N.uasset" 30
"D:/Files/Documents/Unreal Projects/ShadowAttempt/Content/StarterContent/Textures/T_Brick_Clay_Beveled_M.uasset" 31
"D:/Files/Documents/Unreal Projects/ShadowAttempt/Content/StarterContent/Textures/T_Brick_Clay_Beveled_D.uasset" 32
"D:/Files/Documents/Unreal Projects/ShadowAttempt/Content/StarterContent/Materials/M_Brick_Clay_Beveled.uasset" 33
"D:/Files/Documents/Unreal Projects/ShadowAttempt/Content/StarterContent/Textures/T_Detail_Rocky_N.uasset" 34
"D:/Files/Documents/Unreal Projects/ShadowAttempt/Content/StarterContent/Textures/T_Brick_Clay_New_N.uasset" 35
"D:/Files/Documents/Unreal Projects/ShadowAttempt/Content/StarterContent/Textures/T_Brick_Clay_New_M.uasset" 36
"D:/Files/Documents/Unreal Projects/ShadowAttempt/Content/StarterContent/Textures/T_Brick_Clay_New_D.uasset" 37
"D:/Files/Documents/Unreal Projects/ShadowAttempt/Content/StarterContent/Materials/M_Brick_Clay_New.uasset" 38
"D:/Files/Documents/Unreal Projects/ShadowAttempt/Content/StarterContent/Textures/T_Perlin_Noise_M.uasset" 39
"D:/Files/Documents/Unreal Projects/ShadowAttempt/Content/StarterContent/Textures/T_Brick_Clay_Old_N.uasset" 40
"D:/Files/Documents/Unreal Projects/ShadowAttempt/Content/StarterContent/Textures/T_Brick_Clay_Old_D.uasset" 41
"D:/Files/Documents/Unreal Projects/ShadowAttempt/Content/StarterContent/Materials/M_Brick_Clay_Old.uasset" 42
"D:/Files/Documents/Unreal Projects/ShadowAttempt/Content/StarterContent/Textures/T_Brick_Hewn_Stone_D.uasset" 43
"D:/Files/Documents/Unreal Projects/ShadowAttempt/Content/StarterContent/Textures/T_Brick_Hewn_Stone_N.uasset" 44
"D:/Files/Documents/Unreal Projects/ShadowAttempt/Content/StarterContent/Textures/T_Brick_Hewn_Stone_M.uasset" 45
"D:/Files/Documents/Unreal Projects/ShadowAttempt/Content/StarterContent/Materials/M_Brick_Hewn_Stone.uasset" 46
"D:/Files/Documents/Unreal Projects/ShadowAttempt/Content/StarterContent/Textures/T_Rock_Marble_Polished_D.uasset" 47
"D:/Files/Documents/Unreal Projects/ShadowAttempt/Content/StarterContent/Textures/T_Ceramic_Tile_N.uasset" 48
"D:/Files/Documents/Unreal Projects/ShadowAttempt/Content/StarterContent/Textures/T_Ceramic_Tile_M.uasset" 49
"D:/Files/Documents/Unreal Projects/ShadowAttempt/Content/StarterContent/Materials/M_Ceramic_Tile_Checker.uasset" 50
"D:/Files/Documents/Unreal Projects/ShadowAttempt/Content/StarterContent/Textures/T_CobbleStone_Pebble_N.uasset" 51
"D:/Files/Documents/Unreal Projects/ShadowAttempt/Content/StarterContent/Textures/T_CobbleStone_Pebble_M.uasset" 52
"D:/Files/Documents/Unreal Projects/ShadowAttempt/Content/StarterContent/Textures/T_CobbleStone_Pebble_D.uasset" 53
"D:/Files/Documents/Unreal Projects/ShadowAttempt/Content/StarterContent/Materials/M_CobbleStone_Pebble.uasset" 54
"D:/Files/Documents/Unreal Projects/ShadowAttempt/Content/StarterContent/Textures/T_Rock_Smooth_Granite_D.uasset" 55
"D:/Files/Documents/Unreal Projects/ShadowAttempt/Content/StarterContent/Textures/T_Gradinet_01.uasset" 56
"D:/Files/Documents/Unreal Projects/ShadowAttempt/Content/StarterContent/Textures/T_CobbleStone_Rough_N.uasset" 57
"D:/Files/Documents/Unreal Projects/ShadowAttempt/Content/StarterContent/Textures/T_CobbleStone_Rough_D.uasset" 58
"D:/Files/Documents/Unreal Projects/ShadowAttempt/Content/StarterContent/Materials/M_CobbleStone_Rough.uasset" 59
"D:/Files/Documents/Unreal Projects/ShadowAttempt/Content/StarterContent/Textures/T_CobbleStone_Smooth_N.uasset" 60
"D:/Files/Documents/Unreal Projects/ShadowAttempt/Content/StarterContent/Textures/T_CobbleStone_Smooth_M.uasset" 61
"D:/Files/Documents/Unreal Projects/ShadowAttempt/Content/StarterContent/Textures/T_CobbleStone_Smooth_D.uasset" 62
"D:/Files/Documents/Unreal Projects/ShadowAttempt/Content/StarterContent/Materials/M_CobbleStone_Smooth.uasset" 63
"../../../Engine/Content/EditorMeshes/ColorCalibrator/T_ColorGrid.uasset" 64
"D:/Files/Documents/Unreal Projects/ShadowAttempt/Content/StarterContent/Materials/M_ColorGrid_LowSpec.uasset" 65
"D:/Files/Documents/Unreal Projects/ShadowAttempt/Content/StarterContent/Textures/T_Metal_Rust_N.uasset" 66
"D:/Files/Documents/Unreal Projects/ShadowAttempt/Content/StarterContent/Textures/T_Concrete_Grime_D.uasset" 67
"D:/Files/Documents/Unreal Projects/ShadowAttempt/Content/StarterContent/Materials/M_Concrete_Grime.uasset" 68
"D:/Files/Documents/Unreal Projects/ShadowAttempt/Content/StarterContent/Textures/T_Concrete_Panels_N.uasset" 69
"D:/Files/Documents/Unreal Projects/ShadowAttempt/Content/StarterContent/Textures/T_Concrete_Panels_D.uasset" 70
"D:/Files/Documents/Unreal Projects/ShadowAttempt/Content/StarterContent/Materials/M_Concrete_Panels.uasset" 71
"D:/Files/Documents/Unreal Projects/ShadowAttempt/Content/StarterContent/Textures/T_Concrete_Poured_N.uasset" 72
"D:/Files/Documents/Unreal Projects/ShadowAttempt/Content/StarterContent/Textures/T_Concrete_Poured_D.uasset" 73
"D:/Files/Documents/Unreal Projects/ShadowAttempt/Content/StarterContent/Materials/M_Concrete_Poured.uasset" 74
"D:/Files/Documents/Unreal Projects/ShadowAttempt/Content/StarterContent/Textures/T_Concrete_Tiles_Variation_M.uasset" 75
"D:/Files/Documents/Unreal Projects/ShadowAttempt/Content/StarterContent/Textures/T_Concrete_Tiles_N.uasset" 76
"D:/Files/Documents/Unreal Projects/ShadowAttempt/Content/StarterContent/Textures/T_Concrete_Tiles_M.uasset" 77
"D:/Files/Documents/Unreal Projects/ShadowAttempt/Content/StarterContent/Textures/T_Concrete_Tiles_D.uasset" 78
"../../../Engine/Content/Functions/Engine_MaterialFunctions01/Opacity/CameraDepthFade.uasset" 79
"D:/Files/Documents/Unreal Projects/ShadowAttempt/Content/StarterContent/Materials/M_Concrete_Tiles.uasset" 80
"D:/Files/Documents/Unreal Projects/ShadowAttempt/Content/StarterContent/Materials/M_Glass.uasset" 81
"D:/Files/Documents/Unreal Projects/ShadowAttempt/Content/StarterContent/Textures/T_Ground_Grass_N.uasset" 82
"D:/Files/Documents/Unreal Projects/ShadowAttempt/Content/StarterContent/Textures/T_Ground_Grass_D.uasset" 83
"D:/Files/Documents/Unreal Projects/ShadowAttempt/Content/StarterContent/Materials/M_Ground_Grass.uasset" 84
"D:/Files/Documents/Unreal Projects/ShadowAttempt/Content/StarterContent/Textures/T_Ground_Gravel_N.uasset" 85
"D:/Files/Documents/Unreal Projects/ShadowAttempt/Content/StarterContent/Textures/T_Ground_Gravel_D.uasset" 86
"D:/Files/Documents/Unreal Projects/ShadowAttempt/Content/StarterContent/Materials/M_Ground_Gravel.uasset" 87
"D:/Files/Documents/Unreal Projects/ShadowAttempt/Content/StarterContent/Textures/T_Ground_Moss_N.uasset" 88
"D:/Files/Documents/Unreal Projects/ShadowAttempt/Content/StarterContent/Textures/T_ground_Moss_D.uasset" 89
"D:/Files/Documents/Unreal Projects/ShadowAttempt/Content/StarterContent/Materials/M_Ground_Moss.uasset" 90
"D:/Files/Documents/Unreal Projects/ShadowAttempt/Content/StarterContent/Materials/M_Metal_Brushed_Nickel.uasset" 91
"D:/Files/Documents/Unreal Projects/ShadowAttempt/Content/StarterContent/Textures/T_Metal_Gold_N.uasset" 92
"D:/Files/Documents/Unreal Projects/ShadowAttempt/Content/StarterContent/Textures/T_Metal_Aluminum_D.uasset" 93
"D:/Files/Documents/Unreal Projects/ShadowAttempt/Content/StarterContent/Materials/M_Metal_Burnished_Steel.uasset" 94
"D:/Files/Documents/Unreal Projects/ShadowAttempt/Content/StarterContent/Materials/M_Metal_Chrome.uasset" 95
"D:/Files/Documents/Unreal Projects/ShadowAttempt/Content/StarterContent/Textures/T_Metal_Copper_D.uasset" 96
"D:/Files/Documents/Unreal Projects/ShadowAttempt/Content/StarterContent/Materials/M_Metal_Copper.uasset" 97
"D:/Files/Documents/Unreal Projects/ShadowAttempt/Content/StarterContent/Textures/T_Metal_Gold_D.uasset" 98
"D:/Files/Documents/Unreal Projects/ShadowAttempt/Content/StarterContent/Materials/M_Metal_Gold.uasset" 99
"D:/Files/Documents/Unreal Projects/ShadowAttempt/Content/StarterContent/Textures/T_Metal_Rust_D.uasset" 100
"../../../Engine/Content/Functions/Engine_MaterialFunctions02/Utility/BlendAngleCorrectedNormals.uasset" 101
"D:/Files/Documents/Unreal Projects/ShadowAttempt/Content/StarterContent/Materials/M_Metal_Rust.uasset" 102
"D:/Files/Documents/Unreal Projects/ShadowAttempt/Content/StarterContent/Textures/T_Metal_Steel_N.uasset" 103
"D:/Files/Documents/Unreal Projects/ShadowAttempt/Content/StarterContent/Textures/T_Metal_Steel_D.uasset" 104
"D:/Files/Documents/Unreal Projects/ShadowAttempt/Content/StarterContent/Materials/M_Metal_Steel.uasset" 105
"D:/Files/Documents/Unreal Projects/ShadowAttempt/Content/StarterContent/Textures/T_Rock_Basalt_N.uasset" 106
"D:/Files/Documents/Unreal Projects/ShadowAttempt/Content/StarterContent/Textures/T_Rock_Basalt_D.uasset" 107
"D:/Files/Documents/Unreal Projects/ShadowAttempt/Content/StarterContent/Materials/M_Rock_Basalt.uasset" 108
"D:/Files/Documents/Unreal Projects/ShadowAttempt/Content/StarterContent/Materials/M_Rock_Marble_Polished.uasset" 109
"D:/Files/Documents/Unreal Projects/ShadowAttempt/Content/StarterContent/Textures/T_Rock_Sandstone_N.uasset" 110
"D:/Files/Documents/Unreal Projects/ShadowAttempt/Content/StarterContent/Textures/T_Rock_Sandstone_D.uasset" 111
"D:/Files/Documents/Unreal Projects/ShadowAttempt/Content/StarterContent/Materials/M_Rock_Sandstone.uasset" 112
"D:/Files/Documents/Unreal Projects/ShadowAttempt/Content/StarterContent/Textures/T_Rock_Slate_N.uasset" 113
"D:/Files/Documents/Unreal Projects/ShadowAttempt/Content/StarterContent/Textures/T_Rock_Slate_D.uasset" 114
"D:/Files/Documents/Unreal Projects/ShadowAttempt/Content/StarterContent/Materials/M_Rock_Slate.uasset" 115
"D:/Files/Documents/Unreal Projects/ShadowAttempt/Content/StarterContent/Textures/T_Tech_Dot_N.uasset" 116
"D:/Files/Documents/Unreal Projects/ShadowAttempt/Content/StarterContent/Textures/T_Tech_Dot_M.uasset" 117
"D:/Files/Documents/Unreal Projects/ShadowAttempt/Content/StarterContent/Textures/T_Single_Tile_N.uasset" 118
"D:/Files/Documents/Unreal Projects/ShadowAttempt/Content/StarterContent/Textures/T_Checker_Noise_M.uasset" 119
"D:/Files/Documents/Unreal Projects/ShadowAttempt/Content/StarterContent/Materials/M_Tech_Checker_Dot.uasset" 120
"D:/Files/Documents/Unreal Projects/ShadowAttempt/Content/StarterContent/Textures/T_Tech_Hex_Tile_N.uasset" 121
"D:/Files/Documents/Unreal Projects/ShadowAttempt/Content/StarterContent/Textures/T_Tech_Hex_Tile_M.uasset" 122
"D:/Files/Documents/Unreal Projects/ShadowAttempt/Content/StarterContent/Materials/M_Tech_Hex_Tile.uasset" 123
"D:/Files/Documents/Unreal Projects/ShadowAttempt/Content/StarterContent/Materials/M_Tech_Hex_Tile_Pulse.uasset" 124
"D:/Files/Documents/Unreal Projects/ShadowAttempt/Content/StarterContent/Textures/T_Tech_Panel_N.uasset" 125
"D:/Files/Documents/Unreal Projects/ShadowAttempt/Content/StarterContent/Textures/T_Tech_Panel_M.uasset" 126
"D:/Files/Documents/Unreal Projects/ShadowAttempt/Content/StarterContent/Materials/M_Tech_Panel.uasset" 127
"D:/Files/Documents/Unreal Projects/ShadowAttempt/Content/StarterContent/Textures/T_Water_N.uasset" 128
"D:/Files/Documents/Unreal Projects/ShadowAttempt/Content/StarterContent/Materials/M_Water_Lake.uasset" 129
"D:/Files/Documents/Unreal Projects/ShadowAttempt/Content/StarterContent/Textures/T_Water_M.uasset" 130
"D:/Files/Documents/Unreal Projects/ShadowAttempt/Content/StarterContent/Materials/M_Water_Ocean.uasset" 131
"D:/Files/Documents/Unreal Projects/ShadowAttempt/Content/StarterContent/Textures/T_Wood_Floor_Walnut_N.uasset" 132
"D:/Files/Documents/Unreal Projects/ShadowAttempt/Content/StarterContent/Textures/T_Wood_Floor_Walnut_M.uasset" 133
"D:/Files/Documents/Unreal Projects/ShadowAttempt/Content/StarterContent/Textures/T_Wood_Floor_Walnut_D.uasset" 134
"D:/Files/Documents/Unreal Projects/ShadowAttempt/Content/StarterContent/Materials/M_Wood_Floor_Walnut_Polished.uasset" 135
"../../../Engine/Content/Functions/Engine_MaterialFunctions01/Opacity/AlphaOffset.uasset" 136
"D:/Files/Documents/Unreal Projects/ShadowAttempt/Content/StarterContent/Materials/M_Wood_Floor_Walnut_Worn.uasset" 137
"D:/Files/Documents/Unreal Projects/ShadowAttempt/Content/StarterContent/Textures/T_Wood_Oak_N.uasset" 138
"D:/Files/Documents/Unreal Projects/ShadowAttempt/Content/StarterContent/Textures/T_Wood_Oak_D.uasset" 139
"D:/Files/Documents/Unreal Projects/ShadowAttempt/Content/StarterContent/Materials/M_Wood_Oak.uasset" 140
"D:/Files/Documents/Unreal Projects/ShadowAttempt/Content/StarterContent/Textures/T_Wood_Pine_N.uasset" 141
"D:/Files/Documents/Unreal Projects/ShadowAttempt/Content/StarterContent/Textures/T_Wood_Pine_D.uasset" 142
"D:/Files/Documents/Unreal Projects/ShadowAttempt/Content/StarterContent/Materials/M_Wood_Pine.uasset" 143
"D:/Files/Documents/Unreal Projects/ShadowAttempt/Content/StarterContent/Textures/T_Wood_Walnut_N.uasset" 144
"D:/Files/Documents/Unreal Projects/ShadowAttempt/Content/StarterContent/Textures/T_Wood_Walnut_D.uasset" 145
"D:/Files/Documents/Unreal Projects/ShadowAttempt/Content/StarterContent/Materials/M_Wood_Walnut.uasset" 146
"D:/Files/Documents/Unreal Projects/ShadowAttempt/Content/StarterContent/Shapes/Shape_Cone.uasset" 147
"D:/Files/Documents/Unreal Projects/ShadowAttempt/Content/StarterContent/Shapes/Shape_Cube.uasset" 148
"D:/Files/Documents/Unreal Projects/ShadowAttempt/Content/StarterContent/Shapes/Shape_Cylinder.uasset" 149
"D:/Files/Documents/Unreal Projects/ShadowAttempt/Content/StarterContent/Shapes/Shape_NarrowCapsule.uasset" 150
"D:/Files/Documents/Unreal Projects/ShadowAttempt/Content/StarterContent/Shapes/Shape_Pipe.uasset" 151
"D:/Files/Documents/Unreal Projects/ShadowAttempt/Content/StarterContent/Shapes/Shape_Pipe_180.uasset" 152
"D:/Files/Documents/Unreal Projects/ShadowAttempt/Content/StarterContent/Shapes/Shape_Pipe_90.uasset" 153
"D:/Files/Documents/Unreal Projects/ShadowAttempt/Content/StarterContent/Shapes/Shape_Plane.uasset" 154
"D:/Files/Documents/Unreal Projects/ShadowAttempt/Content/StarterContent/Shapes/Shape_QuadPyramid.uasset" 155
"D:/Files/Documents/Unreal Projects/ShadowAttempt/Content/StarterContent/Shapes/Shape_Torus.uasset" 156
"D:/Files/Documents/Unreal Projects/ShadowAttempt/Content/StarterContent/Shapes/Shape_Trim.uasset" 157
"D:/Files/Documents/Unreal Projects/ShadowAttempt/Content/StarterContent/Shapes/Shape_Trim_90_In.uasset" 158
"D:/Files/Documents/Unreal Projects/ShadowAttempt/Content/StarterContent/Shapes/Shape_TriPyramid.uasset" 159
"D:/Files/Documents/Unreal Projects/ShadowAttempt/Content/StarterContent/Shapes/Shape_Tube.uasset" 160
"D:/Files/Documents/Unreal Projects/ShadowAttempt/Content/StarterContent/Shapes/Shape_Wedge_A.uasset" 161
"D:/Files/Documents/Unreal Projects/ShadowAttempt/Content/StarterContent/Shapes/Shape_Wedge_B.uasset" 162
"D:/Files/Documents/Unreal Projects/ShadowAttempt/Content/StarterContent/Shapes/Shape_WideCapsule.uasset" 163
"D:/Files/Documents/Unreal Projects/ShadowAttempt/Content/StarterContent/Textures/T_Burst_M.uasset" 164
"D:/Files/Documents/Unreal Projects/ShadowAttempt/Content/StarterContent/Textures/T_Bush_D.uasset" 165
"D:/Files/Documents/Unreal Projects/ShadowAttempt/Content/StarterContent/Textures/T_Bush_N.uasset" 166
"D:/Files/Documents/Unreal Projects/ShadowAttempt/Content/StarterContent/Textures/T_Chair_M.uasset" 167
"D:/Files/Documents/Unreal Projects/ShadowAttempt/Content/StarterContent/Textures/T_Chair_N.uasset" 168
"D:/Files/Documents/Unreal Projects/ShadowAttempt/Content/StarterContent/Textures/T_Door_M.uasset" 169
"D:/Files/Documents/Unreal Projects/ShadowAttempt/Content/StarterContent/Textures/T_Door_N.uasset" 170
"D:/Files/Documents/Unreal Projects/ShadowAttempt/Content/StarterContent/Textures/T_Dust_Particle_D.uasset" 171
"D:/Files/Documents/Unreal Projects/ShadowAttempt/Content/StarterContent/Textures/T_Explosion_SubUV.uasset" 172
"D:/Files/Documents/Unreal Projects/ShadowAttempt/Content/StarterContent/Textures/T_Fire_SubUV.uasset" 173
"D:/Files/Documents/Unreal Projects/ShadowAttempt/Content/StarterContent/Textures/T_Fire_Tiled_D.uasset" 174
"D:/Files/Documents/Unreal Projects/ShadowAttempt/Content/StarterContent/Textures/T_Frame_M.uasset" 175
"D:/Files/Documents/Unreal Projects/ShadowAttempt/Content/StarterContent/Textures/T_Frame_N.uasset" 176
"D:/Files/Documents/Unreal Projects/ShadowAttempt/Content/StarterContent/Textures/T_Lamp_M.uasset" 177
"D:/Files/Documents/Unreal Projects/ShadowAttempt/Content/StarterContent/Textures/T_Lamp_N.uasset" 178
"D:/Files/Documents/Unreal Projects/ShadowAttempt/Content/StarterContent/Textures/T_RockMesh_M.uasset" 179
"D:/Files/Documents/Unreal Projects/ShadowAttempt/Content/StarterContent/Textures/T_RockMesh_N.uasset" 180
"D:/Files/Documents/Unreal Projects/ShadowAttempt/Content/StarterContent/Textures/T_Shelf_M.uasset" 181
"D:/Files/Documents/Unreal Projects/ShadowAttempt/Content/StarterContent/Textures/T_Shelf_N.uasset" 182
"D:/Files/Documents/Unreal Projects/ShadowAttempt/Content/StarterContent/Textures/T_Smoke_SubUV.uasset" 183
"D:/Files/Documents/Unreal Projects/ShadowAttempt/Content/StarterContent/Textures/T_Smoke_Tiled_D.uasset" 184
"D:/Files/Documents/Unreal Projects/ShadowAttempt/Content/StarterContent/Textures/T_Spark_Core.uasset" 185
"D:/Files/Documents/Unreal Projects/ShadowAttempt/Content/StarterContent/Textures/T_Statue_M.uasset" 186
"D:/Files/Documents/Unreal Projects/ShadowAttempt/Content/StarterContent/Textures/T_Statue_N.uasset" 187
"D:/Files/Documents/Unreal Projects/ShadowAttempt/Content/StarterContent/Textures/T_TableRound_M.uasset" 188
"D:/Files/Documents/Unreal Projects/ShadowAttempt/Content/StarterContent/Textures/T_TableRound_N.uasset" 189
"../../../Engine/Content/EngineMaterials/T_Default_Material_Grid_N.uasset" 190
"../../../Engine/Content/EngineMaterials/T_Default_Material_Grid_M.uasset" 191
"../../../Engine/Content/EngineMaterials/WorldGridMaterial.uasset" 192
"../../../Engine/Content/ArtTools/RenderToTexture/Meshes/S_1_Unit_Plane.uasset" 193
"../../../Engine/Content/BasicShapes/Plane.uasset" 194
"../../../Engine/Content/EditorLandscapeResources/DataLayer.uasset" 195
"../../../Engine/Content/EditorLandscapeResources/DefaultAlphaTexture.uasset" 196
"../../../Engine/Content/EditorMaterials/MAT_Groups_Toggle.uasset" 197
"../../../Engine/Content/EditorMaterials/MAT_Groups_Visibility.uasset" 198
"../../../Engine/Content/EditorMaterials/PreviewShadowIndicator.uasset" 199
"../../../Engine/Content/EditorMaterials/PreviewShadowIndicatorMaterial.uasset" 200
"../../../Engine/Content/EditorMaterials/MatineeGroups/MAT_ColorTrack.uasset" 201
"../../../Engine/Content/EditorMaterials/MatineeGroups/MAT_Groups_Anim.uasset" 202
"../../../Engine/Content/EditorMaterials/MatineeGroups/MAT_Groups_AudioMaster.uasset" 203
"../../../Engine/Content/EditorMaterials/MatineeGroups/MAT_Groups_Director.uasset" 204
"../../../Engine/Content/EditorMaterials/MatineeGroups/MAT_Groups_Event.uasset" 205
"../../../Engine/Content/EditorMaterials/MatineeGroups/MAT_Groups_Fade.uasset" 206
"../../../Engine/Content/EditorMaterials/MatineeGroups/MAT_Groups_Float.uasset" 207
"../../../Engine/Content/EditorMaterials/MatineeGroups/MAT_Groups_Move.uasset" 208
"../../../Engine/Content/EditorMaterials/MatineeGroups/MAT_Groups_Slomo.uasset" 209
"../../../Engine/Content/EditorMaterials/MatineeGroups/MAT_Groups_Sound.uasset" 210
"../../../Engine/Content/EditorMaterials/MatineeGroups/MAT_Groups_Vector.uasset" 211
"../../../Engine/Content/EditorMaterials/ParticleSystems/PSysThumbnail_NoImage.uasset" 212
"../../../Engine/Content/EditorMaterials/ParticleSystems/PSysThumbnail_OOD.uasset" 213
"../../../Engine/Content/EditorMaterials/Camera/CineMat.uasset" 214
"../../../Engine/Content/EditorMaterials/Camera/MI_CineMat_Rig.uasset" 215
"../../../Engine/Content/EditorMeshes/Camera/SM_CraneRig_Arm.uasset" 216
"../../../Engine/Content/EditorMeshes/Camera/SM_CraneRig_Base.uasset" 217
"../../../Engine/Content/EditorMeshes/Camera/SM_CraneRig_Body.uasset" 218
"../../../Engine/Content/EditorMeshes/Camera/SM_CraneRig_Mount.uasset" 219
"../../../Engine/Content/EditorMeshes/Camera/SM_RailRig_Mount.uasset" 220
"../../../Engine/Content/EditorMeshes/Camera/SM_RailRig_Track.uasset" 221
"../../../Engine/Content/EditorResources/BSPVertex.uasset" 222
"../../../Engine/Content/EditorResources/EmptyActor.uasset" 223
"../../../Engine/Content/EditorResources/S_Actor.uasset" 224
"../../../Engine/Content/EditorResources/S_Note.uasset" 225
"../../../Engine/Content/EditorResources/S_Solver.uasset" 226
"../../../Engine/Content/EditorResources/S_Terrain.uasset" 227
"../../../Engine/Content/EditorResources/S_Trigger.uasset" 228
"../../../Engine/Content/EditorResources/LightIcons/S_LightError.uasset" 229
"../../../Engine/Content/EditorResources/SequenceRecorder/Countdown.uasset" 230
"../../../Engine/Content/EditorResources/SequenceRecorder/RecordingIndicator.uasset" 231
"../../../Engine/Content/EngineDamageTypes/DmgTypeBP_Environmental.uasset" 232
"../../../Engine/Content/EngineDebugMaterials/DebugEditorMaterial.uasset" 233
"../../../Engine/Content/EngineDebugMaterials/DebugMeshMaterial.uasset" 234
"../../../Engine/Content/EngineDebugMaterials/M_SimpleUnlitTranslucent.uasset" 235
"../../../Engine/Content/EngineDebugMaterials/VolumeToRender.uasset" 236
"../../../Engine/Content/Functions/Engine_MaterialFunctions02/Utility/CameraDirectionVector.uasset" 237
"../../../Engine/Content/EngineDebugMaterials/M_VolumeRenderSphereTracePP.uasset" 238
"../../../Engine/Content/Functions/Engine_MaterialFunctions01/Shading/ConvertFromDiffSpec.uasset" 239
"../../../Engine/Content/EngineDebugMaterials/VertexColorMaterial.uasset" 240
"../../../Engine/Content/EngineDebugMaterials/WireframeMaterial.uasset" 241
"../../../Engine/Content/EngineFonts/Faces/RobotoRegular.uasset" 242
"../../../Engine/Content/EngineFonts/Faces/RobotoLight.uasset" 243
"../../../Engine/Content/EngineFonts/Faces/RobotoItalic.uasset" 244
"../../../Engine/Content/EngineFonts/Faces/RobotoBoldItalic.uasset" 245
"../../../Engine/Content/EngineFonts/Faces/RobotoBold.uasset" 246
"../../../Engine/Content/EngineFonts/Faces/DroidSansFallback.uasset" 247
"../../../Engine/Content/EngineFonts/Roboto.uasset" 248
"../../../Engine/Content/EngineMaterials/BaseFlattenNormalMap.uasset" 249
"../../../Engine/Content/EngineMaterials/BaseFlattenGrayscaleMap.uasset" 250
"../../../Engine/Content/EngineMaterials/BaseFlattenEmissiveMap.uasset" 251
"../../../Engine/Content/EngineMaterials/BaseFlattenDiffuseMap.uasset" 252
"../../../Engine/Content/EngineMaterials/BaseFlattenMaterial.uasset" 253
"../../../Engine/Content/EngineMaterials/BlueNoise.uasset" 254
"../../../Engine/Content/EngineMaterials/DefaultBloomKernel.uasset" 255
"../../../Engine/Content/EngineMaterials/DefaultBokeh.uasset" 256
"../../../Engine/Content/EngineMaterials/DefaultDiffuse.uasset" 257
"../../../Engine/Content/EngineMaterials/DefaultDeferredDecalMaterial.uasset" 258
"../../../Engine/Content/EngineMaterials/DefaultLightFunctionMaterial.uasset" 259
"../../../Engine/Content/EngineMaterials/DefaultPhysicalMaterial.uasset" 260
"../../../Engine/Content/Functions/Engine_MaterialFunctions02/Utility/BreakOutFloat2Components.uasset" 261
"../../../Engine/Content/EngineMaterials/DefaultPostProcessMaterial.uasset" 262
"../../../Engine/Content/EngineFonts/RobotoDistanceField.uasset" 263
"../../../Engine/Content/EngineMaterials/DefaultTextMaterialOpaque.uasset" 264
"../../../Engine/Content/EngineMaterials/DefaultWhiteGrid.uasset" 265
"../../../Engine/Content/EngineMaterials/DefaultWhiteGrid_Low.uasset" 266
"../../../Engine/Content/EngineMaterials/EmissiveMeshMaterial.uasset" 267
"../../../Engine/Content/EngineMaterials/GizmoMaterial.uasset" 268
"../../../Engine/Content/EngineMaterials/Good64x64TilingNoiseHighFreq.uasset" 269
"../../../Engine/Content/EngineMaterials/MiniFont.uasset" 270
"../../../Engine/Content/EngineMaterials/InvalidLightmapSettings.uasset" 271
"../../../Engine/Content/EngineMaterials/M_InvalidLightmapSettings.uasset" 272
"../../../Engine/Content/Functions/Engine_MaterialFunctions02/WorldPositionOffset/CameraOffset.uasset" 273
"../../../Engine/Content/EngineMaterials/PhAT_JointLimitMaterial.uasset" 274
"../../../Engine/Content/EngineMaterials/PreintegratedSkinBRDF.uasset" 275
"../../../Engine/Content/EngineMaterials/RemoveSurfaceMaterial.uasset" 276
"../../../Engine/Content/EngineMaterials/WeightMapPlaceholderTexture.uasset" 277
"../../../Engine/Content/EngineResources/WhiteSquareTexture.uasset" 278
"../../../Engine/Content/EngineMaterials/Widget3DPassThrough.uasset" 279
"../../../Engine/Content/EngineMaterials/Widget3DPassThrough_Masked.uasset" 280
"../../../Engine/Content/EngineMaterials/Widget3DPassThrough_Opaque.uasset" 281
"../../../Engine/Content/EngineMaterials/Widget3DPassThrough_Masked_OneSided.uasset" 282
"../../../Engine/Content/EngineMaterials/Widget3DPassThrough_Opaque_OneSided.uasset" 283
"../../../Engine/Content/EngineMaterials/Widget3DPassThrough_Translucent.uasset" 284
"../../../Engine/Content/EngineMaterials/Widget3DPassThrough_Translucent_OneSided.uasset" 285
"../../../Engine/Content/EngineMaterials/DefaultMaterial.uasset" 286
"../../../Engine/Content/EngineMeshes/Cylinder.uasset" 287
"../../../Engine/Content/EngineMeshes/Sphere.uasset" 288
"../../../Engine/Content/EngineResources/Black.uasset" 289
"../../../Engine/Content/EngineResources/DefaultTextureCube.uasset" 290
"../../../Engine/Content/EngineResources/DefaultVolumeTexture2D.uasset" 291
"../../../Engine/Content/EngineResources/DefaultVolumeTexture.uasset" 292
"../../../Engine/Content/EngineResources/GradientTexture0.uasset" 293
"../../../Engine/Content/EngineSky/VolumetricClouds/T_NoiseShape64.uasset" 294
"../../../Engine/Content/EngineSky/VolumetricClouds/T_VolumeNoiseShape64.uasset" 295
"../../../Engine/Content/EngineSky/VolumetricClouds/T_NoiseErosion.uasset" 296
"../../../Engine/Content/EngineSky/VolumetricClouds/T_VolumeNoiseErosion32.uasset" 297
"../../../Engine/Content/EngineSky/VolumetricClouds/CloudWeatherTexture.uasset" 298
"../../../Engine/Content/EngineSky/VolumetricClouds/CloudGradientTexture.uasset" 299
"../../../Engine/Content/Functions/Engine_MaterialFunctions02/Utility/MakeFloat2.uasset" 300
"../../../Engine/Content/EngineSky/VolumetricClouds/m_SimpleVolumetricCloud.uasset" 301
"../../../Engine/Content/EngineSky/VolumetricClouds/m_SimpleVolumetricCloud_Inst.uasset" 302
"../../../Engine/Content/EngineSounds/Master.uasset" 303
"../../../Engine/Content/Functions/Engine_MaterialFunctions01/Shading/PowerToRoughness.uasset" 304
"../../../Engine/Content/Maps/Templates/Thumbnails/Default.uasset" 305
"../../../Engine/Content/Maps/Templates/Thumbnails/TimeOfDay.uasset" 306
"../../../Engine/Content/Maps/Templates/Thumbnails/VR-Basic.uasset" 307
"../../../Engine/Content/MobileResources/T_MobileControls_texture.uasset" 308
"../../../Engine/Content/MobileResources/T_MobileMenu2.uasset" 309
"../../../Engine/Content/MobileResources/HUD/AnalogHat.uasset" 310
"../../../Engine/Content/MobileResources/HUD/VirtualJoystick_Thumb.uasset" 311
"../../../Engine/Content/MobileResources/HUD/VirtualJoystick_Background.uasset" 312
"../../../Engine/Content/MobileResources/HUD/DefaultVirtualJoysticks.uasset" 313
"../../../Engine/Content/MobileResources/HUD/LeftVirtualJoystickOnly.uasset" 314
"../../../Engine/Content/MobileResources/HUD/MobileHUDButton1_off.uasset" 315
"../../../Engine/Content/MobileResources/HUD/MobileHUDButton1_on.uasset" 316
"../../../Engine/Content/MobileResources/HUD/MobileHUDButton2_off.uasset" 317
"../../../Engine/Content/MobileResources/HUD/MobileHUDButton2_on.uasset" 318
"../../../Engine/Content/MobileResources/HUD/MobileHUDButton3.uasset" 319
"../../../Engine/Content/MobileResources/HUD/MobileHUDButtonFire.uasset" 320
"../../../Engine/Content/MobileResources/HUD/MobileHUDDirectionPad.uasset" 321
"../../../Engine/Content/MobileResources/HUD/MobileHUDDirectionPad2.uasset" 322
"../../../Engine/Content/MobileResources/HUD/MobileHUDDirectionPad3.uasset" 323
"../../../Engine/Content/MobileResources/HUD/MobileHUDDirectionStick.uasset" 324
"../../../Engine/Content/MobileResources/HUD/T_Castle_ThumbstickInner.uasset" 325
"../../../Engine/Content/MobileResources/HUD/T_Castle_ThumbstickOutter.uasset" 326
"../../../Engine/Content/Tutorial/ContentIntroCurve.uasset" 327
"../../../Engine/Content/Tutorial/Basics/LevelEditorAttract.uasset" 328
"../../../Engine/Content/Tutorial/Basics/TutorialAssets/icon_tab_Levels_40x.uasset" 329
"../../../Engine/Content/Tutorial/Basics/LevelEditorOverview.uasset" 330
"../../../Engine/Content/VREditor/TransformGizmo/TranslucentTransformGizmoMaterial.uasset" 331
"../../../Engine/Content/VREditor/LaserPointer/VR_LaserPower_01.uasset" 332
"../../../Engine/Content/VREditor/TransformGizmo/TransformGizmoMaterial.uasset" 333
"../../../Engine/Content/VREditor/TransformGizmo/BoundingBoxCorner.uasset" 334
"../../../Engine/Content/VREditor/TransformGizmo/BoundingBoxEdge.uasset" 335
"../../../Engine/Content/VREditor/TransformGizmo/PlaneTranslationHandle.uasset" 336
"../../../Engine/Content/VREditor/TransformGizmo/Xray.uasset" 337
"../../../Engine/Content/VREditor/TransformGizmo/Main.uasset" 338
"../../../Engine/Content/VREditor/TransformGizmo/SM_Sequencer_Key.uasset" 339
"../../../Engine/Content/VREditor/TransformGizmo/SM_Sequencer_Node.uasset" 340
"../../Plugins/2D/Paper2D/Content/PlaceholderTextures/DummySpriteTexture.uasset" 341
"../../Plugins/2D/Paper2D/Content/DummySprite.uasset" 342
"../../Plugins/2D/Paper2D/Content/DefaultPaperTerrainMaterial.uasset" 343
"../../Plugins/2D/Paper2D/Content/DefaultSpriteMaterial.uasset" 344
"../../Plugins/2D/Paper2D/Content/MaskedUnlitSpriteMaterial.uasset" 345
"../../Plugins/2D/Paper2D/Content/OpaqueUnlitSpriteMaterial.uasset" 346
"../../../Engine/Content/Functions/Engine_MaterialFunctions02/Utility/BreakOutFloat3Components.uasset" 347
"../../Plugins/Editor/SpeedTreeImporter/Content/SpeedTree9/UnpackInteger3.uasset" 348
"../../Plugins/Editor/SpeedTreeImporter/Content/SpeedTree9/UnpackDirection.uasset" 349
"../../Plugins/Editor/SpeedTreeImporter/Content/SpeedTree9/game_wind_noise.uasset" 350
"../../../Engine/Content/Functions/Engine_MaterialFunctions02/SafeNormalize.uasset" 351
"../../Plugins/Editor/SpeedTreeImporter/Content/SpeedTree9/SpeedTreeWindMotion.uasset" 352
"../../Plugins/Editor/SpeedTreeImporter/Content/SpeedTree9/SpeedTreeBranchMotion.uasset" 353
"../../../Engine/Content/Functions/Engine_MaterialFunctions02/ObjectLocalBounds.uasset" 354
"../../../Engine/Content/Functions/Engine_MaterialFunctions02/UVs/BoundingBoxBased_0-1_UVW.uasset" 355
"../../Plugins/Editor/SpeedTreeImporter/Content/SpeedTree9/SpeedTreeWind.uasset" 356
"../../Plugins/Editor/SpeedTreeImporter/Content/SpeedTree9/SpeedTreeBillboard.uasset" 357
"../../../Engine/Content/EngineResources/DefaultTexture.uasset" 358
"../../Plugins/Editor/SpeedTreeImporter/Content/SpeedTree9/SpeedTreeBillboardMaster.uasset" 359
"../../Plugins/Editor/SpeedTreeImporter/Content/SpeedTree9/SpeedTreeCameraFacing.uasset" 360
"../../Plugins/Editor/SpeedTreeImporter/Content/SpeedTree9/SpeedTreeMaster.uasset" 361
"../../../Engine/Content/ArtTools/RenderToTexture/Materials/Debug/M_Emissive_Color.uasset" 362
"../../../Engine/Content/BasicShapes/Cylinder.uasset" 363
"../../Plugins/Lumin/MagicLeapPassableWorld/Content/MagicLeapARPinInfoActor.uasset" 364
"../../../Engine/Content/Functions/Engine_MaterialFunctions02/Utility/BreakOutFloat4Components.uasset" 365
"../../../Engine/Content/Functions/Engine_MaterialFunctions02/Utility/MakeFloat3.uasset" 366
"../../Plugins/Runtime/Oculus/OculusVR/Content/Materials/OculusMR_ChromaKey.uasset" 367
"../../Plugins/Runtime/Oculus/OculusVR/Content/Materials/OculusMR_OpaqueColoredMaterial.uasset" 368
"../../Plugins/Runtime/Oculus/OculusVR/Content/Materials/PokeAHoleMaterial.uasset" 369
"D:/Files/Documents/Unreal Projects/ShadowAttempt/Content/StarterContent/Textures/T_Brick_Cut_Stone_N.uasset" 370
"D:/Files/Documents/Unreal Projects/ShadowAttempt/Content/StarterContent/Textures/T_Brick_Cut_Stone_D.uasset" 371
"D:/Files/Documents/Unreal Projects/ShadowAttempt/Content/StarterContent/Materials/M_Brick_Cut_Stone.uasset" 372
"D:/Files/Documents/Unreal Projects/ShadowAttempt/Content/Stairs.uasset" 373
"../../../Engine/Content/EngineSky/T_Sky_Stars.uasset" 374
"../../../Engine/Content/EngineSky/T_Sky_Clouds_M.uasset" 375
"../../../Engine/Content/EngineSky/T_Sky_Blue.uasset" 376
"../../../Engine/Content/BasicShapes/Sphere.uasset" 377
"../../../Engine/Content/BasicShapes/Cube.uasset" 378
"../../../Engine/Content/BasicShapes/Cone.uasset" 379
"../../../Engine/Content/EngineSky/M_Sky_Panning_Clouds2.uasset" 380
"../../../Engine/Content/BasicShapes/BasicShapeMaterial.uasset" 381
"D:/Files/Documents/Unreal Projects/ShadowAttempt/Content/StarterContent/Maps/Minimal_Default_BuiltData.uasset" 382
"../../../Engine/Content/EngineSky/SM_SkySphere.uasset" 383
"../../../Engine/Content/EngineSky/C_Sky_Zenith_Color.uasset" 384
"../../../Engine/Content/EngineSky/C_Sky_Horizon_Color.uasset" 385
"../../../Engine/Content/EngineSky/C_Sky_Cloud_Color.uasset" 386
"../../../Engine/Content/EditorBlueprintResources/StandardMacros.uasset" 387
"../../../Engine/Content/EngineSky/BP_Sky_Sphere.uasset" 388
"D:/Files/Documents/Unreal Projects/ShadowAttempt/Content/StarterContent/Shapes/Shape_Trim_90_Out.uasset" 389
"D:/Files/Documents/Unreal Projects/ShadowAttempt/Content/StarterContent/Shapes/Shape_Sphere.uasset" 390
"D:/Files/Documents/Unreal Projects/ShadowAttempt/Content/StarterContent/Maps/Minimal_Default.umap" 391
"../../../Engine/Content/Maps/Entry_BuiltData.uasset" 392
"../../../Engine/Content/Maps/Entry.umap" 393
